Array
(
    [item_name] => Array
        (
            [0] => 2323
        )

    [quantity] => Array
        (
            [0] => 232
        )

    [price] => Array
        (
            [0] => 3232
        )

    [type] => Array
        (
            [0] => 32323
        )

    [created_at] => Array
        (
            [0] => 
        )

)
Array
(
    [item_name] => Array
        (
            [0] => 3232
            [1] => 323232
        )

    [quantity] => Array
        (
            [0] => 323
            [1] => 232
        )

    [price] => Array
        (
            [0] => 3232
            [1] => 32323
        )

    [type] => Array
        (
            [0] => 3232
            [1] => 3232
        )

    [created_at] => Array
        (
            [0] => 2024-12-19
            [1] => 2024-12-17
        )

)
Array
(
    [item_name] => Array
        (
            [0] => 323232
            [1] => 323
        )

    [quantity] => Array
        (
            [0] => 3232
            [1] => 2323
        )

    [price] => Array
        (
            [0] => 32323
            [1] => 2323
        )

    [type] => Array
        (
            [0] => 2323
            [1] => 23232
        )

    [created_at] => Array
        (
            [0] => 
            [1] => 
        )

)
